[2022-11-04 16:33:48Z INFO HostContext] No proxy settings were found based on environmental variables (http_proxy/https_proxy/HTTP_PROXY/HTTPS_PROXY)
[2022-11-04 16:33:48Z INFO HostContext] Well known directory 'Bin': '/Users/daeric/vault-guides/ecosystem/vault-github-action/actions-runner/bin'
[2022-11-04 16:33:48Z INFO HostContext] Well known directory 'Root': '/Users/daeric/vault-guides/ecosystem/vault-github-action/actions-runner'
[2022-11-04 16:33:48Z INFO HostContext] Well known config file 'Credentials': '/Users/daeric/vault-guides/ecosystem/vault-github-action/actions-runner/.credentials'
[2022-11-04 16:33:48Z INFO HostContext] Well known directory 'Bin': '/Users/daeric/vault-guides/ecosystem/vault-github-action/actions-runner/bin'
[2022-11-04 16:33:48Z INFO HostContext] Well known directory 'Root': '/Users/daeric/vault-guides/ecosystem/vault-github-action/actions-runner'
[2022-11-04 16:33:48Z INFO HostContext] Well known config file 'Runner': '/Users/daeric/vault-guides/ecosystem/vault-github-action/actions-runner/.runner'
[2022-11-04 16:33:48Z INFO Listener] Runner is built for OSX (X64) - osx-x64.
[2022-11-04 16:33:48Z INFO Listener] RuntimeInformation: Darwin 21.6.0 Darwin Kernel Version 21.6.0: Mon Aug 22 20:19:52 PDT 2022; root:xnu-8020.140.49~2/RELEASE_ARM64_T6000.
[2022-11-04 16:33:48Z INFO Listener] Version: 2.298.2
[2022-11-04 16:33:48Z INFO Listener] Commit: f49f0247c8f15ef51086a7c2405333cb91c6f3cd
[2022-11-04 16:33:48Z INFO Listener] Culture: en-US
[2022-11-04 16:33:48Z INFO Listener] UI Culture: en-US
[2022-11-04 16:33:48Z INFO HostContext] Well known directory 'Bin': '/Users/daeric/vault-guides/ecosystem/vault-github-action/actions-runner/bin'
[2022-11-04 16:33:48Z INFO HostContext] Well known directory 'Root': '/Users/daeric/vault-guides/ecosystem/vault-github-action/actions-runner'
[2022-11-04 16:33:48Z INFO Listener] Validating directory permissions for: '/Users/daeric/vault-guides/ecosystem/vault-github-action/actions-runner'
[2022-11-04 16:33:48Z INFO CommandLineParser] Parse
[2022-11-04 16:33:48Z INFO CommandLineParser] Parsing 5 args
[2022-11-04 16:33:48Z INFO CommandLineParser] parsing argument
[2022-11-04 16:33:48Z INFO CommandLineParser] HasArgs: False
[2022-11-04 16:33:48Z INFO CommandLineParser] Adding Command: configure
[2022-11-04 16:33:48Z INFO CommandLineParser] parsing argument
[2022-11-04 16:33:48Z INFO CommandLineParser] HasArgs: True
[2022-11-04 16:33:48Z INFO CommandLineParser] arg: url
[2022-11-04 16:33:48Z INFO CommandLineParser] parsing argument
[2022-11-04 16:33:48Z INFO CommandLineParser] HasArgs: True
[2022-11-04 16:33:48Z INFO CommandLineParser] Adding option 'url': 'https://github.com/daeric/vault-action-exampleapp'
[2022-11-04 16:33:48Z INFO CommandLineParser] parsing argument
[2022-11-04 16:33:48Z INFO CommandLineParser] HasArgs: True
[2022-11-04 16:33:48Z INFO CommandLineParser] arg: token
[2022-11-04 16:33:48Z INFO CommandLineParser] parsing argument
[2022-11-04 16:33:48Z INFO CommandLineParser] HasArgs: True
[2022-11-04 16:33:48Z INFO CommandLineParser] Adding option 'token': '***'
[2022-11-04 16:33:48Z INFO Listener] Arguments parsed
[2022-11-04 16:33:48Z INFO Runner] ExecuteCommand
[2022-11-04 16:33:48Z INFO ConfigurationStore] currentAssemblyLocation: /Users/daeric/vault-guides/ecosystem/vault-github-action/actions-runner/bin/Runner.Listener.dll
[2022-11-04 16:33:48Z INFO HostContext] Well known directory 'Bin': '/Users/daeric/vault-guides/ecosystem/vault-github-action/actions-runner/bin'
[2022-11-04 16:33:48Z INFO ConfigurationStore] binPath: /Users/daeric/vault-guides/ecosystem/vault-github-action/actions-runner/bin
[2022-11-04 16:33:48Z INFO HostContext] Well known directory 'Bin': '/Users/daeric/vault-guides/ecosystem/vault-github-action/actions-runner/bin'
[2022-11-04 16:33:48Z INFO HostContext] Well known directory 'Root': '/Users/daeric/vault-guides/ecosystem/vault-github-action/actions-runner'
[2022-11-04 16:33:48Z INFO ConfigurationStore] RootFolder: /Users/daeric/vault-guides/ecosystem/vault-github-action/actions-runner
[2022-11-04 16:33:48Z INFO HostContext] Well known directory 'Bin': '/Users/daeric/vault-guides/ecosystem/vault-github-action/actions-runner/bin'
[2022-11-04 16:33:48Z INFO HostContext] Well known directory 'Root': '/Users/daeric/vault-guides/ecosystem/vault-github-action/actions-runner'
[2022-11-04 16:33:48Z INFO HostContext] Well known config file 'Runner': '/Users/daeric/vault-guides/ecosystem/vault-github-action/actions-runner/.runner'
[2022-11-04 16:33:48Z INFO ConfigurationStore] ConfigFilePath: /Users/daeric/vault-guides/ecosystem/vault-github-action/actions-runner/.runner
[2022-11-04 16:33:48Z INFO HostContext] Well known directory 'Bin': '/Users/daeric/vault-guides/ecosystem/vault-github-action/actions-runner/bin'
[2022-11-04 16:33:48Z INFO HostContext] Well known directory 'Root': '/Users/daeric/vault-guides/ecosystem/vault-github-action/actions-runner'
[2022-11-04 16:33:48Z INFO HostContext] Well known config file 'Credentials': '/Users/daeric/vault-guides/ecosystem/vault-github-action/actions-runner/.credentials'
[2022-11-04 16:33:48Z INFO ConfigurationStore] CredFilePath: /Users/daeric/vault-guides/ecosystem/vault-github-action/actions-runner/.credentials
[2022-11-04 16:33:48Z INFO HostContext] Well known directory 'Bin': '/Users/daeric/vault-guides/ecosystem/vault-github-action/actions-runner/bin'
[2022-11-04 16:33:48Z INFO HostContext] Well known directory 'Root': '/Users/daeric/vault-guides/ecosystem/vault-github-action/actions-runner'
[2022-11-04 16:33:48Z INFO HostContext] Well known config file 'MigratedCredentials': '/Users/daeric/vault-guides/ecosystem/vault-github-action/actions-runner/.credentials_migrated'
[2022-11-04 16:33:48Z INFO ConfigurationStore] MigratedCredFilePath: /Users/daeric/vault-guides/ecosystem/vault-github-action/actions-runner/.credentials_migrated
[2022-11-04 16:33:48Z INFO HostContext] Well known directory 'Bin': '/Users/daeric/vault-guides/ecosystem/vault-github-action/actions-runner/bin'
[2022-11-04 16:33:48Z INFO HostContext] Well known directory 'Root': '/Users/daeric/vault-guides/ecosystem/vault-github-action/actions-runner'
[2022-11-04 16:33:48Z INFO HostContext] Well known config file 'Service': '/Users/daeric/vault-guides/ecosystem/vault-github-action/actions-runner/.service'
[2022-11-04 16:33:48Z INFO ConfigurationStore] ServiceConfigFilePath: /Users/daeric/vault-guides/ecosystem/vault-github-action/actions-runner/.service
[2022-11-04 16:33:48Z INFO CommandSettings] Flag 'help': 'False'
[2022-11-04 16:33:48Z INFO CommandSettings] Flag 'version': 'False'
[2022-11-04 16:33:48Z INFO CommandSettings] Flag 'commit': 'False'
[2022-11-04 16:33:48Z INFO CommandSettings] Flag 'check': 'False'
[2022-11-04 16:33:48Z INFO CommandSettings] Command 'configure': 'True'
[2022-11-04 16:33:48Z INFO Terminal] WRITE LINE: 
[2022-11-04 16:33:48Z INFO Terminal] WRITE LINE: --------------------------------------------------------------------------------
[2022-11-04 16:33:48Z INFO Terminal] WRITE LINE: |        ____ _ _   _   _       _          _        _   _                      |
[2022-11-04 16:33:48Z INFO Terminal] WRITE LINE: |       / ___(_) |_| | | |_   _| |__      / \   ___| |_(_) ___  _ __  ___      |
[2022-11-04 16:33:48Z INFO Terminal] WRITE LINE: |      | |  _| | __| |_| | | | | '_ \    / _ \ / __| __| |/ _ \| '_ \/ __|     |
[2022-11-04 16:33:48Z INFO Terminal] WRITE LINE: |      | |_| | | |_|  _  | |_| | |_) |  / ___ \ (__| |_| | (_) | | | \__ \     |
[2022-11-04 16:33:48Z INFO Terminal] WRITE LINE: |       \____|_|\__|_| |_|\__,_|_.__/  /_/   \_\___|\__|_|\___/|_| |_|___/     |
[2022-11-04 16:33:48Z INFO Terminal] WRITE LINE: |                                                                              |
[2022-11-04 16:33:48Z INFO Terminal] WRITE: |                       
[2022-11-04 16:33:48Z INFO Terminal] WRITE: Self-hosted runner registration
[2022-11-04 16:33:48Z INFO Terminal] WRITE LINE:                         |
[2022-11-04 16:33:48Z INFO Terminal] WRITE LINE: |                                                                              |
[2022-11-04 16:33:48Z INFO Terminal] WRITE LINE: --------------------------------------------------------------------------------
[2022-11-04 16:33:48Z INFO ConfigurationManager] ConfigureAsync
[2022-11-04 16:33:48Z INFO ConfigurationStore] IsConfigured()
[2022-11-04 16:33:48Z INFO ConfigurationStore] IsConfigured: False
[2022-11-04 16:33:48Z INFO ConfigurationManager] Is configured: False
[2022-11-04 16:33:48Z INFO CommandSettings] Arg 'url': 'https://github.com/daeric/vault-action-exampleapp'
[2022-11-04 16:33:48Z INFO CommandSettings] Remove url from Arg dictionary.
[2022-11-04 16:33:48Z INFO CommandSettings] Arg 'token': '***'
[2022-11-04 16:33:48Z INFO CommandSettings] Remove token from Arg dictionary.
[2022-11-04 16:33:51Z INFO ConfigurationManager] Http response code: OK from 'POST https://api.github.com/actions/runner-registration'
[2022-11-04 16:33:51Z INFO ConfigurationManager] cred retrieved via GitHub auth
[2022-11-04 16:33:51Z INFO RunnerServer] Establish connection with 100 seconds timeout.
[2022-11-04 16:33:51Z INFO GitHubActionsService] Starting operation Location.GetConnectionData
[2022-11-04 16:33:51Z INFO RunnerServer] Establish connection with 60 seconds timeout.
[2022-11-04 16:33:51Z INFO GitHubActionsService] Starting operation Location.GetConnectionData
[2022-11-04 16:33:51Z INFO RunnerServer] Establish connection with 60 seconds timeout.
[2022-11-04 16:33:51Z INFO GitHubActionsService] Starting operation Location.GetConnectionData
[2022-11-04 16:33:52Z INFO GitHubActionsService] Finished operation Location.GetConnectionData
[2022-11-04 16:33:52Z INFO GitHubActionsService] Finished operation Location.GetConnectionData
[2022-11-04 16:33:52Z INFO GitHubActionsService] Finished operation Location.GetConnectionData
[2022-11-04 16:33:52Z INFO Terminal] WRITE LINE: 
[2022-11-04 16:33:52Z INFO ConfigurationManager] Test Connection complete.
[2022-11-04 16:33:52Z INFO HostContext] Well known directory 'Bin': '/Users/daeric/vault-guides/ecosystem/vault-github-action/actions-runner/bin'
[2022-11-04 16:33:52Z INFO HostContext] Well known directory 'Root': '/Users/daeric/vault-guides/ecosystem/vault-github-action/actions-runner'
[2022-11-04 16:33:52Z INFO HostContext] Well known config file 'RSACredentials': '/Users/daeric/vault-guides/ecosystem/vault-github-action/actions-runner/.credentials_rsaparams'
[2022-11-04 16:33:52Z INFO RSAFileKeyManager] Creating new RSA key using 2048-bit key length
[2022-11-04 16:33:52Z INFO RSAFileKeyManager] Successfully saved RSA key parameters to file /Users/daeric/vault-guides/ecosystem/vault-github-action/actions-runner/.credentials_rsaparams
[2022-11-04 16:33:52Z INFO RSAFileKeyManager] Which: 'chmod'
[2022-11-04 16:33:52Z INFO RSAFileKeyManager] Location: '/bin/chmod'
[2022-11-04 16:33:52Z INFO HostContext] Well known directory 'Bin': '/Users/daeric/vault-guides/ecosystem/vault-github-action/actions-runner/bin'
[2022-11-04 16:33:52Z INFO HostContext] Well known directory 'Root': '/Users/daeric/vault-guides/ecosystem/vault-github-action/actions-runner'
[2022-11-04 16:33:53Z INFO ProcessInvokerWrapper] Starting process:
[2022-11-04 16:33:53Z INFO ProcessInvokerWrapper]   File name: '/bin/chmod'
[2022-11-04 16:33:53Z INFO ProcessInvokerWrapper]   Arguments: '600 /Users/daeric/vault-guides/ecosystem/vault-github-action/actions-runner/.credentials_rsaparams'
[2022-11-04 16:33:53Z INFO ProcessInvokerWrapper]   Working directory: '/Users/daeric/vault-guides/ecosystem/vault-github-action/actions-runner'
[2022-11-04 16:33:53Z INFO ProcessInvokerWrapper]   Require exit code zero: 'False'
[2022-11-04 16:33:53Z INFO ProcessInvokerWrapper]   Encoding web name:  ; code page: ''
[2022-11-04 16:33:53Z INFO ProcessInvokerWrapper]   Force kill process on cancellation: 'False'
[2022-11-04 16:33:53Z INFO ProcessInvokerWrapper]   Redirected STDIN: 'False'
[2022-11-04 16:33:53Z INFO ProcessInvokerWrapper]   Persist current code page: 'False'
[2022-11-04 16:33:53Z INFO ProcessInvokerWrapper]   Keep redirected STDIN open: 'False'
[2022-11-04 16:33:53Z INFO ProcessInvokerWrapper]   High priority process: 'False'
[2022-11-04 16:33:53Z INFO ProcessInvokerWrapper] Process started with process id 46114, waiting for process exit.
[2022-11-04 16:33:53Z INFO ProcessInvokerWrapper] STDOUT/STDERR stream read finished.
[2022-11-04 16:33:53Z INFO ProcessInvokerWrapper] STDOUT/STDERR stream read finished.
[2022-11-04 16:33:53Z INFO ProcessInvokerWrapper] Finished process 46114 with exit code 0, and elapsed time 00:00:00.1052230.
[2022-11-04 16:33:53Z INFO RSAFileKeyManager] Successfully set permissions for RSA key parameters file /Users/daeric/vault-guides/ecosystem/vault-github-action/actions-runner/.credentials_rsaparams
[2022-11-04 16:33:53Z INFO CommandSettings] Arg 'runnergroup': ''
[2022-11-04 16:33:53Z INFO CommandSettings] Flag 'unattended': 'False'
[2022-11-04 16:33:53Z INFO PromptManager] ReadValue
[2022-11-04 16:33:53Z INFO Terminal] WRITE: Enter the name of the runner group to add this runner to: 
[2022-11-04 16:33:53Z INFO Terminal] WRITE: [press Enter for Default] 
[2022-11-04 16:33:53Z INFO Terminal] READ LINE
[2022-11-04 16:33:54Z INFO Terminal] Read value: ''
[2022-11-04 16:33:54Z INFO PromptManager] Falling back to the default: 'Default'
[2022-11-04 16:33:54Z INFO Terminal] WRITE LINE: 
[2022-11-04 16:33:54Z INFO ConfigurationManager] Found a self-hosted runner group with id 1 and name Default
[2022-11-04 16:33:54Z INFO CommandSettings] Flag 'disableupdate': 'False'
[2022-11-04 16:33:54Z INFO CommandSettings] Flag 'ephemeral': 'False'
[2022-11-04 16:33:54Z INFO CommandSettings] Arg 'name': ''
[2022-11-04 16:33:54Z INFO CommandSettings] Flag 'unattended': 'False'
[2022-11-04 16:33:54Z INFO PromptManager] ReadValue
[2022-11-04 16:33:54Z INFO Terminal] WRITE: Enter the name of runner: 
[2022-11-04 16:33:54Z INFO Terminal] WRITE: [press Enter for M2R0QP2L92] 
[2022-11-04 16:33:54Z INFO Terminal] READ LINE
[2022-11-04 16:33:57Z INFO Terminal] Read value: ''
[2022-11-04 16:33:57Z INFO PromptManager] Falling back to the default: 'M2R0QP2L92'
[2022-11-04 16:33:57Z INFO Terminal] WRITE LINE: 
[2022-11-04 16:33:57Z INFO CommandSettings] Arg 'labels': ''
[2022-11-04 16:33:57Z INFO CommandSettings] Flag 'unattended': 'False'
[2022-11-04 16:33:57Z INFO PromptManager] ReadValue
[2022-11-04 16:33:57Z INFO Terminal] WRITE: This runner will have the following labels: 'self-hosted', 'macOS', 'X64' 
Enter any additional labels (ex. label-1,label-2): 
[2022-11-04 16:33:57Z INFO Terminal] WRITE: [press Enter to skip] 
[2022-11-04 16:33:57Z INFO Terminal] READ LINE
[2022-11-04 16:33:58Z INFO Terminal] Read value: ''
[2022-11-04 16:33:58Z INFO Terminal] WRITE LINE: 
[2022-11-04 16:33:58Z INFO CommandSettings] Flag 'disableupdate': 'False'
[2022-11-04 16:33:58Z INFO CommandSettings] Flag 'disableupdate': 'False'
[2022-11-04 16:33:58Z INFO CommandSettings] Flag 'ephemeral': 'False'
[2022-11-04 16:33:58Z INFO ConfigurationStore] Saving OAuth credential @ /Users/daeric/vault-guides/ecosystem/vault-github-action/actions-runner/.credentials
[2022-11-04 16:33:58Z INFO ConfigurationStore] Credentials Saved.
[2022-11-04 16:33:58Z INFO ConfigurationStore] HasCredentials()
[2022-11-04 16:33:58Z INFO ConfigurationStore] stored True
[2022-11-04 16:33:58Z INFO CredentialManager] GetCredentialProvider
[2022-11-04 16:33:58Z INFO CredentialManager] Creating type OAuth
[2022-11-04 16:33:58Z INFO CredentialManager] Creating credential type: OAuth
[2022-11-04 16:33:58Z INFO RSAFileKeyManager] Loading RSA key parameters from file /Users/daeric/vault-guides/ecosystem/vault-github-action/actions-runner/.credentials_rsaparams
[2022-11-04 16:33:58Z INFO RunnerServer] Establish connection with 100 seconds timeout.
[2022-11-04 16:33:58Z INFO GitHubActionsService] Starting operation Location.GetConnectionData
[2022-11-04 16:33:58Z INFO RunnerServer] Establish connection with 60 seconds timeout.
[2022-11-04 16:33:58Z INFO GitHubActionsService] Starting operation Location.GetConnectionData
[2022-11-04 16:33:58Z INFO RunnerServer] Establish connection with 60 seconds timeout.
[2022-11-04 16:33:58Z INFO GitHubActionsService] Starting operation Location.GetConnectionData
[2022-11-04 16:33:59Z INFO GitHubActionsService] Finished operation Location.GetConnectionData
[2022-11-04 16:33:59Z INFO GitHubActionsService] Finished operation Location.GetConnectionData
[2022-11-04 16:33:59Z INFO GitHubActionsService] Finished operation Location.GetConnectionData
[2022-11-04 16:33:59Z INFO RSAFileKeyManager] Loading RSA key parameters from file /Users/daeric/vault-guides/ecosystem/vault-github-action/actions-runner/.credentials_rsaparams
[2022-11-04 16:33:59Z INFO RSAFileKeyManager] Loading RSA key parameters from file /Users/daeric/vault-guides/ecosystem/vault-github-action/actions-runner/.credentials_rsaparams
[2022-11-04 16:33:59Z INFO GitHubActionsService] AAD Correlation ID for this token request: Unknown
[2022-11-04 16:33:59Z INFO CommandSettings] Arg 'work': ''
[2022-11-04 16:33:59Z INFO CommandSettings] Flag 'unattended': 'False'
[2022-11-04 16:33:59Z INFO PromptManager] ReadValue
[2022-11-04 16:33:59Z INFO Terminal] WRITE: Enter name of work folder: 
[2022-11-04 16:33:59Z INFO Terminal] WRITE: [press Enter for _work] 
[2022-11-04 16:33:59Z INFO Terminal] READ LINE
[2022-11-04 16:34:01Z INFO Terminal] Read value: ''
[2022-11-04 16:34:01Z INFO PromptManager] Falling back to the default: '_work'
[2022-11-04 16:34:01Z INFO ConfigurationStore] Saving runner settings.
[2022-11-04 16:34:01Z INFO ConfigurationStore] Settings Saved.
[2022-11-04 16:34:01Z INFO Terminal] WRITE LINE: 
[2022-11-04 16:34:01Z INFO Terminal] WRITE LINE: 
[2022-11-04 16:34:01Z INFO OsxServiceControlManager] Service name 'actions.runner.daeric-vault-action-exampleapp.M2R0QP2L92' display name 'GitHub Actions Runner (daeric-vault-action-exampleapp.M2R0QP2L92)' will be used for service configuration.
[2022-11-04 16:34:01Z INFO HostContext] Well known directory 'Bin': '/Users/daeric/vault-guides/ecosystem/vault-github-action/actions-runner/bin'
[2022-11-04 16:34:01Z INFO HostContext] Well known directory 'Root': '/Users/daeric/vault-guides/ecosystem/vault-github-action/actions-runner'
[2022-11-04 16:34:01Z INFO HostContext] Well known directory 'Bin': '/Users/daeric/vault-guides/ecosystem/vault-github-action/actions-runner/bin'
[2022-11-04 16:34:01Z INFO HostContext] Well known directory 'Bin': '/Users/daeric/vault-guides/ecosystem/vault-github-action/actions-runner/bin'
[2022-11-04 16:34:01Z INFO HostContext] Well known directory 'Root': '/Users/daeric/vault-guides/ecosystem/vault-github-action/actions-runner'
[2022-11-04 16:34:01Z INFO UnixUtil] Which: 'chmod'
[2022-11-04 16:34:01Z INFO UnixUtil] Location: '/bin/chmod'
[2022-11-04 16:34:01Z INFO UnixUtil] Running /bin/chmod 755 "/Users/daeric/vault-guides/ecosystem/vault-github-action/actions-runner/svc.sh"
[2022-11-04 16:34:01Z INFO ProcessInvokerWrapper] Starting process:
[2022-11-04 16:34:01Z INFO ProcessInvokerWrapper]   File name: '/bin/chmod'
[2022-11-04 16:34:01Z INFO ProcessInvokerWrapper]   Arguments: '755 "/Users/daeric/vault-guides/ecosystem/vault-github-action/actions-runner/svc.sh"'
[2022-11-04 16:34:01Z INFO ProcessInvokerWrapper]   Working directory: '/Users/daeric/vault-guides/ecosystem/vault-github-action/actions-runner'
[2022-11-04 16:34:01Z INFO ProcessInvokerWrapper]   Require exit code zero: 'True'
[2022-11-04 16:34:01Z INFO ProcessInvokerWrapper]   Encoding web name:  ; code page: ''
[2022-11-04 16:34:01Z INFO ProcessInvokerWrapper]   Force kill process on cancellation: 'False'
[2022-11-04 16:34:01Z INFO ProcessInvokerWrapper]   Redirected STDIN: 'False'
[2022-11-04 16:34:01Z INFO ProcessInvokerWrapper]   Persist current code page: 'False'
[2022-11-04 16:34:01Z INFO ProcessInvokerWrapper]   Keep redirected STDIN open: 'False'
[2022-11-04 16:34:01Z INFO ProcessInvokerWrapper]   High priority process: 'False'
[2022-11-04 16:34:01Z INFO ProcessInvokerWrapper] Process started with process id 46183, waiting for process exit.
[2022-11-04 16:34:01Z INFO ProcessInvokerWrapper] STDOUT/STDERR stream read finished.
[2022-11-04 16:34:01Z INFO ProcessInvokerWrapper] STDOUT/STDERR stream read finished.
[2022-11-04 16:34:01Z INFO ProcessInvokerWrapper] Finished process 46183 with exit code 0, and elapsed time 00:00:00.0299200.
[2022-11-04 16:34:01Z INFO Listener] Runner execution has finished with return code 0
