[2022-11-04 16:34:07Z INFO HostContext] No proxy settings were found based on environmental variables (http_proxy/https_proxy/HTTP_PROXY/HTTPS_PROXY)
[2022-11-04 16:34:07Z INFO HostContext] Well known directory 'Bin': '/Users/daeric/vault-guides/ecosystem/vault-github-action/actions-runner/bin'
[2022-11-04 16:34:07Z INFO HostContext] Well known directory 'Root': '/Users/daeric/vault-guides/ecosystem/vault-github-action/actions-runner'
[2022-11-04 16:34:07Z INFO HostContext] Well known config file 'Credentials': '/Users/daeric/vault-guides/ecosystem/vault-github-action/actions-runner/.credentials'
[2022-11-04 16:34:07Z INFO HostContext] Well known directory 'Bin': '/Users/daeric/vault-guides/ecosystem/vault-github-action/actions-runner/bin'
[2022-11-04 16:34:07Z INFO HostContext] Well known directory 'Root': '/Users/daeric/vault-guides/ecosystem/vault-github-action/actions-runner'
[2022-11-04 16:34:07Z INFO HostContext] Well known config file 'Runner': '/Users/daeric/vault-guides/ecosystem/vault-github-action/actions-runner/.runner'
[2022-11-04 16:34:07Z INFO Listener] Runner is built for OSX (X64) - osx-x64.
[2022-11-04 16:34:07Z INFO Listener] RuntimeInformation: Darwin 21.6.0 Darwin Kernel Version 21.6.0: Mon Aug 22 20:19:52 PDT 2022; root:xnu-8020.140.49~2/RELEASE_ARM64_T6000.
[2022-11-04 16:34:07Z INFO Listener] Version: 2.298.2
[2022-11-04 16:34:07Z INFO Listener] Commit: f49f0247c8f15ef51086a7c2405333cb91c6f3cd
[2022-11-04 16:34:07Z INFO Listener] Culture: en-US
[2022-11-04 16:34:07Z INFO Listener] UI Culture: en-US
[2022-11-04 16:34:07Z INFO HostContext] Well known directory 'Bin': '/Users/daeric/vault-guides/ecosystem/vault-github-action/actions-runner/bin'
[2022-11-04 16:34:07Z INFO HostContext] Well known directory 'Root': '/Users/daeric/vault-guides/ecosystem/vault-github-action/actions-runner'
[2022-11-04 16:34:07Z INFO Listener] Validating directory permissions for: '/Users/daeric/vault-guides/ecosystem/vault-github-action/actions-runner'
[2022-11-04 16:34:07Z INFO CommandLineParser] Parse
[2022-11-04 16:34:07Z INFO CommandLineParser] Parsing 1 args
[2022-11-04 16:34:07Z INFO CommandLineParser] parsing argument
[2022-11-04 16:34:07Z INFO CommandLineParser] HasArgs: False
[2022-11-04 16:34:07Z INFO CommandLineParser] Adding Command: run
[2022-11-04 16:34:07Z INFO Listener] Arguments parsed
[2022-11-04 16:34:07Z INFO Runner] ExecuteCommand
[2022-11-04 16:34:07Z INFO ConfigurationStore] currentAssemblyLocation: /Users/daeric/vault-guides/ecosystem/vault-github-action/actions-runner/bin/Runner.Listener.dll
[2022-11-04 16:34:07Z INFO HostContext] Well known directory 'Bin': '/Users/daeric/vault-guides/ecosystem/vault-github-action/actions-runner/bin'
[2022-11-04 16:34:07Z INFO ConfigurationStore] binPath: /Users/daeric/vault-guides/ecosystem/vault-github-action/actions-runner/bin
[2022-11-04 16:34:07Z INFO HostContext] Well known directory 'Bin': '/Users/daeric/vault-guides/ecosystem/vault-github-action/actions-runner/bin'
[2022-11-04 16:34:07Z INFO HostContext] Well known directory 'Root': '/Users/daeric/vault-guides/ecosystem/vault-github-action/actions-runner'
[2022-11-04 16:34:07Z INFO ConfigurationStore] RootFolder: /Users/daeric/vault-guides/ecosystem/vault-github-action/actions-runner
[2022-11-04 16:34:07Z INFO HostContext] Well known directory 'Bin': '/Users/daeric/vault-guides/ecosystem/vault-github-action/actions-runner/bin'
[2022-11-04 16:34:07Z INFO HostContext] Well known directory 'Root': '/Users/daeric/vault-guides/ecosystem/vault-github-action/actions-runner'
[2022-11-04 16:34:07Z INFO HostContext] Well known config file 'Runner': '/Users/daeric/vault-guides/ecosystem/vault-github-action/actions-runner/.runner'
[2022-11-04 16:34:07Z INFO ConfigurationStore] ConfigFilePath: /Users/daeric/vault-guides/ecosystem/vault-github-action/actions-runner/.runner
[2022-11-04 16:34:07Z INFO HostContext] Well known directory 'Bin': '/Users/daeric/vault-guides/ecosystem/vault-github-action/actions-runner/bin'
[2022-11-04 16:34:07Z INFO HostContext] Well known directory 'Root': '/Users/daeric/vault-guides/ecosystem/vault-github-action/actions-runner'
[2022-11-04 16:34:07Z INFO HostContext] Well known config file 'Credentials': '/Users/daeric/vault-guides/ecosystem/vault-github-action/actions-runner/.credentials'
[2022-11-04 16:34:07Z INFO ConfigurationStore] CredFilePath: /Users/daeric/vault-guides/ecosystem/vault-github-action/actions-runner/.credentials
[2022-11-04 16:34:07Z INFO HostContext] Well known directory 'Bin': '/Users/daeric/vault-guides/ecosystem/vault-github-action/actions-runner/bin'
[2022-11-04 16:34:07Z INFO HostContext] Well known directory 'Root': '/Users/daeric/vault-guides/ecosystem/vault-github-action/actions-runner'
[2022-11-04 16:34:07Z INFO HostContext] Well known config file 'MigratedCredentials': '/Users/daeric/vault-guides/ecosystem/vault-github-action/actions-runner/.credentials_migrated'
[2022-11-04 16:34:07Z INFO ConfigurationStore] MigratedCredFilePath: /Users/daeric/vault-guides/ecosystem/vault-github-action/actions-runner/.credentials_migrated
[2022-11-04 16:34:07Z INFO HostContext] Well known directory 'Bin': '/Users/daeric/vault-guides/ecosystem/vault-github-action/actions-runner/bin'
[2022-11-04 16:34:07Z INFO HostContext] Well known directory 'Root': '/Users/daeric/vault-guides/ecosystem/vault-github-action/actions-runner'
[2022-11-04 16:34:07Z INFO HostContext] Well known config file 'Service': '/Users/daeric/vault-guides/ecosystem/vault-github-action/actions-runner/.service'
[2022-11-04 16:34:07Z INFO ConfigurationStore] ServiceConfigFilePath: /Users/daeric/vault-guides/ecosystem/vault-github-action/actions-runner/.service
[2022-11-04 16:34:07Z INFO CommandSettings] Flag 'help': 'False'
[2022-11-04 16:34:07Z INFO CommandSettings] Flag 'version': 'False'
[2022-11-04 16:34:07Z INFO CommandSettings] Flag 'commit': 'False'
[2022-11-04 16:34:07Z INFO CommandSettings] Flag 'check': 'False'
[2022-11-04 16:34:07Z INFO CommandSettings] Command 'configure': 'False'
[2022-11-04 16:34:07Z INFO CommandSettings] Command 'remove': 'False'
[2022-11-04 16:34:07Z INFO CommandSettings] Command 'warmup': 'False'
[2022-11-04 16:34:07Z INFO ConfigurationManager] LoadSettings
[2022-11-04 16:34:07Z INFO ConfigurationStore] IsConfigured()
[2022-11-04 16:34:07Z INFO ConfigurationStore] IsConfigured: True
[2022-11-04 16:34:07Z INFO ConfigurationManager] Is configured: True
[2022-11-04 16:34:07Z INFO ConfigurationStore] Read setting file: 297 chars
[2022-11-04 16:34:07Z INFO ConfigurationManager] Settings Loaded
[2022-11-04 16:34:07Z INFO ConfigurationStore] IsServiceConfigured()
[2022-11-04 16:34:07Z INFO ConfigurationStore] IsServiceConfigured: False
[2022-11-04 16:34:07Z INFO CommandSettings] Command 'run': 'True'
[2022-11-04 16:34:07Z INFO ConfigurationStore] IsConfigured()
[2022-11-04 16:34:07Z INFO ConfigurationStore] IsConfigured: True
[2022-11-04 16:34:07Z INFO ConfigurationManager] Is configured: True
[2022-11-04 16:34:07Z INFO Runner] Could not parse the argument value '' for StartupType. Defaulting to Manual
[2022-11-04 16:34:07Z INFO Runner] Set runner startup type - Manual
[2022-11-04 16:34:07Z INFO CommandSettings] Flag 'once': 'False'
[2022-11-04 16:34:07Z INFO CommandSettings] Flag 'once': 'False'
[2022-11-04 16:34:07Z INFO Runner] RunAsync
[2022-11-04 16:34:07Z INFO ConfigurationManager] LoadSettings
[2022-11-04 16:34:07Z INFO ConfigurationStore] IsConfigured()
[2022-11-04 16:34:07Z INFO ConfigurationStore] IsConfigured: True
[2022-11-04 16:34:07Z INFO ConfigurationManager] Is configured: True
[2022-11-04 16:34:07Z INFO ConfigurationManager] Settings Loaded
[2022-11-04 16:34:07Z INFO MessageListener] {
  "AgentId": 2,
  "AgentName": "M2R0QP2L92",
  "PoolId": 1,
  "PoolName": "Default",
  "ServerUrl": "https://pipelines.actions.githubusercontent.com/g8ufq9VOHgnBJjVznbRIJjsXnZj7sOacMsggNM0UeYJrDWeL5u",
  "GitHubUrl": "https://github.com/daeric/vault-action-exampleapp",
  "WorkFolder": "_work"
}
[2022-11-04 16:34:07Z INFO MessageListener] Loading Credentials
[2022-11-04 16:34:07Z INFO ConfigurationStore] HasCredentials()
[2022-11-04 16:34:07Z INFO ConfigurationStore] stored True
[2022-11-04 16:34:07Z INFO CredentialManager] GetCredentialProvider
[2022-11-04 16:34:07Z INFO CredentialManager] Creating type OAuth
[2022-11-04 16:34:07Z INFO CredentialManager] Creating credential type: OAuth
[2022-11-04 16:34:07Z INFO HostContext] Well known directory 'Bin': '/Users/daeric/vault-guides/ecosystem/vault-github-action/actions-runner/bin'
[2022-11-04 16:34:07Z INFO HostContext] Well known directory 'Root': '/Users/daeric/vault-guides/ecosystem/vault-github-action/actions-runner'
[2022-11-04 16:34:07Z INFO HostContext] Well known config file 'RSACredentials': '/Users/daeric/vault-guides/ecosystem/vault-github-action/actions-runner/.credentials_rsaparams'
[2022-11-04 16:34:07Z INFO RSAFileKeyManager] Loading RSA key parameters from file /Users/daeric/vault-guides/ecosystem/vault-github-action/actions-runner/.credentials_rsaparams
[2022-11-04 16:34:07Z INFO MessageListener] Attempt to create session.
[2022-11-04 16:34:07Z INFO MessageListener] Connecting to the Runner Server...
[2022-11-04 16:34:07Z INFO RunnerServer] Establish connection with 100 seconds timeout.
[2022-11-04 16:34:07Z INFO GitHubActionsService] Starting operation Location.GetConnectionData
[2022-11-04 16:34:07Z INFO RunnerServer] Establish connection with 60 seconds timeout.
[2022-11-04 16:34:07Z INFO GitHubActionsService] Starting operation Location.GetConnectionData
[2022-11-04 16:34:07Z INFO RunnerServer] Establish connection with 60 seconds timeout.
[2022-11-04 16:34:07Z INFO GitHubActionsService] Starting operation Location.GetConnectionData
[2022-11-04 16:34:08Z INFO GitHubActionsService] Finished operation Location.GetConnectionData
[2022-11-04 16:34:08Z INFO GitHubActionsService] Finished operation Location.GetConnectionData
[2022-11-04 16:34:08Z INFO GitHubActionsService] Finished operation Location.GetConnectionData
[2022-11-04 16:34:08Z INFO MessageListener] VssConnection created
[2022-11-04 16:34:08Z INFO Terminal] WRITE LINE: 
[2022-11-04 16:34:08Z INFO Terminal] WRITE LINE: 
[2022-11-04 16:34:08Z INFO RSAFileKeyManager] Loading RSA key parameters from file /Users/daeric/vault-guides/ecosystem/vault-github-action/actions-runner/.credentials_rsaparams
[2022-11-04 16:34:08Z INFO RSAFileKeyManager] Loading RSA key parameters from file /Users/daeric/vault-guides/ecosystem/vault-github-action/actions-runner/.credentials_rsaparams
[2022-11-04 16:34:09Z INFO GitHubActionsService] AAD Correlation ID for this token request: Unknown
[2022-11-04 16:34:09Z INFO MessageListener] Session created.
[2022-11-04 16:34:09Z INFO Terminal] WRITE LINE: Current runner version: '2.298.2'
[2022-11-04 16:34:09Z INFO Terminal] WRITE LINE: 2022-11-04 16:34:09Z: Listening for Jobs
[2022-11-04 16:34:09Z INFO JobDispatcher] Set runner/worker IPC timeout to 30 seconds.
